Listening to port 4567
Connected!!!
Test message 1
Test message A
Test message B
SENSOR FUSION SIZE = 12
Test message 2
Test message 4
Test message 5
Test message 7
Test message 7
Test message 7
Test message 7
Test message 7
Test message 8
printing pts
-1
0
0
0
30.5722
0.905784
60.9966
4.80103
91.0487
12.3482
Test message 9
Test message 10
Test message 1
Test message A
Test message B
SENSOR FUSION SIZE = 12
Test message 3
Test message 4
Test message 5
Test message 7
Test message 7
Test message 7
Test message 7
Test message 7
Test message 8
printing pts
-0.0021
0
0
0
30.5717
0.916678
60.9941
4.82343
91.041
12.387
Test message 9
Test message 10
Test message 1
Test message A
Test message B
SENSOR FUSION SIZE = 12
Test message 3
Test message 4
Test message 5
Test message 7
Test message 7
Test message 7
Test message 7
Test message 7
Test message 8
printing pts
-0.004
0
0
0
30.5715
0.919714
60.9933
4.82967
91.0388
12.3978
Test message 9
Test message 10
Test message 1
Test message A
Test message B
SENSOR FUSION SIZE = 12
Test message 3
Test message 4
Test message 5
Test message 7
Test message 7
Test message 7
Test message 7
Test message 7
Test message 8
printing pts
-0.006
0
0
0
30.5711
0.928866
60.9913
4.84848
91.0323
12.4303
Test message 9
Test message 10
Test message 1
Test message A
Test message B
SENSOR FUSION SIZE = 12
Test message 3
Test message 4
Test message 5
Test message 7
Test message 7
Test message 7
Test message 7
Test message 7
Test message 8
printing pts
-0.008
0
0
0
30.5703
0.941044
60.9884
4.87351
91.0235
12.4736
Test message 9
Test message 10
Test message 1
Test message A
Test message B
SENSOR FUSION SIZE = 12
Test message 3
Test message 4
Test message 5
Test message 7
Test message 7
Test message 7
Test message 7
Test message 7
Test message 8
printing pts
-0.01
0
0
0
30.5695
0.958456
60.9844
4.90931
91.0111
12.5356
Test message 9
Test message 10
Test message 1
Test message A
Test message B
SENSOR FUSION SIZE = 12
Test message 3
Test message 4
Test message 5
Test message 7
Test message 7
Test message 7
Test message 7
Test message 7
Test message 8
printing pts
-0.012
0
0
0
30.567
1.00152
60.9743
4.99783
90.9802
12.6887
Test message 9
Test message 10
Test message 1
Test message A
Test message B
SENSOR FUSION SIZE = 12
Test message 3
Test message 4
Test message 5
Test message 7
Test message 7
Test message 7
Test message 7
Test message 7
Test message 8
printing pts
-0.0141
0
0
0
30.565
1.03807
60.9658
5.07298
90.954
12.8187
Test message 9
Test message 10
Test message 1
Test message A
Test message B
SENSOR FUSION SIZE = 12
Test message 3
Test message 4
Test message 5
Test message 7
Test message 7
Test message 7
Test message 7
Test message 7
Test message 8
printing pts
-0.016
0
0
0
30.5629
1.07636
60.9568
5.15168
90.9266
12.9549
Test message 9
Test message 10
Test message 1
Test message A
Test message B
SENSOR FUSION SIZE = 12
Test message 3
Test message 4
Test message 5
Test message 7
Test message 7
Test message 7
Test message 7
Test message 7
Test message 8
printing pts
-0.018
0
0
0
30.5614
1.10377
60.9505
5.20803
90.9069
13.0524
Test message 9
Test message 10
Test message 1
Test message A
Test message B
SENSOR FUSION SIZE = 12
Test message 3
Test message 4
Test message 5
Test message 7
Test message 7
Test message 7
Test message 7
Test message 7
Test message 8
printing pts
-0.02
0
0
0
30.5594
1.13856
60.9423
5.27956
90.8819
13.1762
Test message 9
Test message 10
Test message 1
Test message A
Test message B
SENSOR FUSION SIZE = 12
Test message 3
Test message 4
Test message 5
Test message 7
Test message 7
Test message 7
Test message 7
Test message 7
Test message 8
printing pts
-0.022
0
0
0
30.5573
1.17925
60.9329
5.3632
90.8529
13.3209
Test message 9
Test message 10
Test message 1
Test message A
Test message B
SENSOR FUSION SIZE = 12
Test message 3
Test message 4
Test message 5
Test message 7
Test message 7
Test message 7
Test message 7
Test message 7
Test message 8
printing pts
-0.024
0
0
0
30.5526
1.26439
60.9128
5.53927
90.7912
13.6262
Test message 9
Test message 10
Test message 1
Test message A
Test message B
SENSOR FUSION SIZE = 12
Test message 3
Test message 4
Test message 5
Test message 7
Test message 7
Test message 7
Test message 7
Test message 7
Test message 8
printing pts
-0.0259
0
0
0
30.5477
1.35101
60.8923
5.71841
90.7283
13.9369
Test message 9
Test message 10
Test message 1
Test message A
Test message B
SENSOR FUSION SIZE = 12
Test message 3
Test message 4
Test message 5
Test message 7
Test message 7
Test message 7
Test message 7
Test message 7
Test message 8
printing pts
-0.028
0
0
0
30.5444
1.4119
60.8781
5.84357
90.6847
14.1535
Test message 9
Test message 10
Test message 1
Test message A
Test message B
SENSOR FUSION SIZE = 12
Test message 3
Test message 4
Test message 5
Test message 7
Test message 7
Test message 7
Test message 7
Test message 7
Test message 8
printing pts
-0.03
0
0
0
30.5417
1.46083
60.8667
5.94416
90.6497
14.3275
Test message 9
Test message 10
Test message 1
Test message A
Test message B
SENSOR FUSION SIZE = 12
Test message 3
Test message 4
Test message 5
Test message 7
Test message 7
Test message 7
Test message 7
Test message 7
Test message 8
printing pts
-0.032
0
0
0
30.5362
1.56071
60.8432
6.15054
90.5774
14.6853
Test message 9
Test message 10
Test message 1
